<?xml version="1.0" encoding="UTF-8"?>
<!-- Generated by org.testng.reporters.JUnitReportReporter -->
<testsuite skipped="0" hostname="DESKTOP-DRIN23C" name="com.TestScripts.premium_PP_Api" tests="1" failures="1" timestamp="14 Sep 2020 10:18:52 GMT" time="91.674" errors="0">
  <testcase name="viewpro" time="91.674" classname="com.TestScripts.premium_PP_Api">
    <failure type="java.lang.AssertionError" message="The following asserts failed:
	 star Value is selected as  Krithika / Karthika for matriid : CHY418695 expected [true] but found [false],
	 star Value is selected as  Mrigasira / Makayiram for matriid : CHY435565 expected [true] but found [false],
	 star Value is selected as  Makha / Magam for matriid : CHY351691 expected [true] but found [false],
	 star Value is selected as  Krithika / Karthika for matriid : CHY439709 expected [true] but found [false],
	 star Value is selected as  Makha / Magam for matriid : CHY379933 expected [true] but found [false],
	 star Value is selected as  Hastha / Atham for matriid : CHY433400 expected [true] but found [false],
	 star Value is selected as  Krithika / Karthika for matriid : CHY388799 expected [true] but found [false],
	 star Value is selected as  Poorvapalguni / Puram / Pubbhe for matriid : CHY345124 expected [true] but found [false],
	 star Value is selected as  Makha / Magam for matriid : CHY269181 expected [true] but found [false],
	 star Value is selected as  Krithika / Karthika for matriid : CHY376497 expected [true] but found [false]">
      <![CDATA[java.lang.AssertionError: The following asserts failed:
 star Value is selected as  Krithika / Karthika for matriid : CHY418695 expected [true] but found [false],
 star Value is selected as  Mrigasira / Makayiram for matriid : CHY435565 expected [true] but found [false],
 star Value is selected as  Makha / Magam for matriid : CHY351691 expected [true] but found [false],
 star Value is selected as  Krithika / Karthika for matriid : CHY439709 expected [true] but found [false],
 star Value is selected as  Makha / Magam for matriid : CHY379933 expected [true] but found [false],
 star Value is selected as  Hastha / Atham for matriid : CHY433400 expected [true] but found [false],
 star Value is selected as  Krithika / Karthika for matriid : CHY388799 expected [true] but found [false],
 star Value is selected as  Poorvapalguni / Puram / Pubbhe for matriid : CHY345124 expected [true] but found [false],
 star Value is selected as  Makha / Magam for matriid : CHY269181 expected [true] but found [false],
 star Value is selected as  Krithika / Karthika for matriid : CHY376497 expected [true] but found [false]
at org.testng.asserts.SoftAssert.assertAll(SoftAssert.java:43)
at com.TestScripts.premium_PP_Api.viewpro(premium_PP_Api.java:590)
at sun.reflect.NativeMethodAccessorImpl.invoke0(Native Method)
at sun.reflect.NativeMethodAccessorImpl.invoke(Unknown Source)
at sun.reflect.DelegatingMethodAccessorImpl.invoke(Unknown Source)
at java.lang.reflect.Method.invoke(Unknown Source)
at org.testng.internal.MethodInvocationHelper.invokeMethod(MethodInvocationHelper.java:124)
at org.testng.internal.Invoker.invokeMethod(Invoker.java:580)
at org.testng.internal.Invoker.invokeTestMethod(Invoker.java:716)
at org.testng.internal.Invoker.invokeTestMethods(Invoker.java:988)
at org.testng.internal.TestMethodWorker.invokeTestMethods(TestMethodWorker.java:125)
at org.testng.internal.TestMethodWorker.run(TestMethodWorker.java:109)
at org.testng.TestRunner.privateRun(TestRunner.java:648)
at org.testng.TestRunner.run(TestRunner.java:505)
at org.testng.SuiteRunner.runTest(SuiteRunner.java:455)
at org.testng.SuiteRunner.runSequentially(SuiteRunner.java:450)
at org.testng.SuiteRunner.privateRun(SuiteRunner.java:415)
at org.testng.SuiteRunner.run(SuiteRunner.java:364)
at org.testng.SuiteRunnerWorker.runSuite(SuiteRunnerWorker.java:52)
at org.testng.SuiteRunnerWorker.run(SuiteRunnerWorker.java:84)
at org.testng.TestNG.runSuitesSequentially(TestNG.java:1208)
at org.testng.TestNG.runSuitesLocally(TestNG.java:1137)
at org.testng.TestNG.runSuites(TestNG.java:1049)
at org.testng.TestNG.run(TestNG.java:1017)
at org.testng.remote.AbstractRemoteTestNG.run(AbstractRemoteTestNG.java:114)
at org.testng.remote.RemoteTestNG.initAndRun(RemoteTestNG.java:251)
at org.testng.remote.RemoteTestNG.main(RemoteTestNG.java:77)
]]>
    </failure>
  </testcase> <!-- viewpro -->
</testsuite> <!-- com.TestScripts.premium_PP_Api -->
