<?xml version="1.0" encoding="UTF-8"?>
<!-- Generated by org.testng.reporters.JUnitReportReporter -->
<testsuite skipped="0" hostname="DESKTOP-DRIN23C" name="com.TestScripts.viewed_not_contact_actions" tests="1" failures="0" timestamp="23 Apr 2020 10:47:16 GMT" time="184.339" errors="1">
  <testcase name="setUp" time="184.339" classname="com.TestScripts.viewed_not_contact_actions">
    <error type="org.openqa.selenium.WebDriverException" message="element click intercepted: Element &lt;a onclick=&quot;stop_goingto_profile(event);&quot; href=&quot;https://www.reddymatrimony.com/payment/index.php?sourceFrom=2&amp;amp;trackid=004400031418&amp;amp;act=special_payment_page_nri&amp;amp;MatriId=RDY551612&amp;amp;ClickTag=Ph&amp;amp;utm_source=Payment_Link&amp;amp;utm_medium=viewednotcontacted_resultpage&amp;amp;utm_campaign=Quick_Connect_Click&amp;amp;utm_content=View_Phone&amp;amp;gaact=viewednotcontacted&amp;amp;gasrc=qr_viewmobileno&quot; target=&quot;_blank&quot; alt=&quot;View Mobile No. / Send SMS&quot; title=&quot;View Mobile No. / Send SMS&quot;&gt;...&lt;/a&gt; is not clickable at point (784, 550). Other element would receive the click: &lt;div class=&quot;bModal __bPopup1&quot; style=&quot;background-color: rgb(0, 0, 0); height: 100%; left: 0px; opacity: 0.83; position: fixed; top: 0px; width: 100%; z-index: 100003;&quot;&gt;&lt;/div&gt;
  (Session info: chrome=81.0.4044.113)
  (Driver info: chromedriver=80.0.3987.106 (f68069574609230cf9b635cd784cfb1bf81bb53a-refs/branch-heads/3987@{#882}),platform=Windows NT 10.0.18362 x86_64) (WARNING: The server did not provide any stacktrace information)
Command duration or timeout: 1.18 seconds
Build info: version: &#039;2.53.1&#039;, revision: &#039;a36b8b1cd5757287168e54b817830adce9b0158d&#039;, time: &#039;2016-06-30 19:26:09&#039;
System info: host: &#039;DESKTOP-DRIN23C&#039;, ip: &#039;192.168.43.234&#039;, os.name: &#039;Windows 10&#039;, os.arch: &#039;amd64&#039;, os.version: &#039;10.0&#039;, java.version: &#039;1.8.0_102&#039;
Driver info: org.openqa.selenium.chrome.ChromeDriver
Capabilities [{mobileEmulationEnabled=false, timeouts={implicit=0, pageLoad=300000, script=30000}, hasTouchScreen=false, platform=XP, acceptSslCerts=false, goog:chromeOptions={debuggerAddress=localhost:64931}, acceptInsecureCerts=false, webStorageEnabled=true, browserName=chrome, takesScreenshot=true, javascriptEnabled=true, setWindowRect=true, unexpectedAlertBehaviour=ignore, applicationCacheEnabled=false, rotatable=false, networkConnectionEnabled=false, chrome={chromedriverVersion=80.0.3987.106 (f68069574609230cf9b635cd784cfb1bf81bb53a-refs/branch-heads/3987@{#882}), userDataDir=C:\Users\hp\AppData\Local\Temp\scoped_dir7336_1665025270}, takesHeapSnapshot=true, pageLoadStrategy=normal, strictFileInteractability=false, databaseEnabled=false, handlesAlerts=true, version=81.0.4044.113, browserConnectionEnabled=false, proxy={}, nativeEvents=true, locationContextEnabled=true, cssSelectorsEnabled=true}]
Session ID: 5a2659b4b0711b14a3d82cb61d292a5f">
      <![CDATA[org.openqa.selenium.WebDriverException: element click intercepted: Element <a onclick="stop_goingto_profile(event);" href="https://www.reddymatrimony.com/payment/index.php?sourceFrom=2&amp;trackid=004400031418&amp;act=special_payment_page_nri&amp;MatriId=RDY551612&amp;ClickTag=Ph&amp;utm_source=Payment_Link&amp;utm_medium=viewednotcontacted_resultpage&amp;utm_campaign=Quick_Connect_Click&amp;utm_content=View_Phone&amp;gaact=viewednotcontacted&amp;gasrc=qr_viewmobileno" target="_blank" alt="View Mobile No. / Send SMS" title="View Mobile No. / Send SMS">...</a> is not clickable at point (784, 550). Other element would receive the click: <div class="bModal __bPopup1" style="background-color: rgb(0, 0, 0); height: 100%; left: 0px; opacity: 0.83; position: fixed; top: 0px; width: 100%; z-index: 100003;"></div>
  (Session info: chrome=81.0.4044.113)
  (Driver info: chromedriver=80.0.3987.106 (f68069574609230cf9b635cd784cfb1bf81bb53a-refs/branch-heads/3987@{#882}),platform=Windows NT 10.0.18362 x86_64) (WARNING: The server did not provide any stacktrace information)
Command duration or timeout: 1.18 seconds
Build info: version: '2.53.1', revision: 'a36b8b1cd5757287168e54b817830adce9b0158d', time: '2016-06-30 19:26:09'
System info: host: 'DESKTOP-DRIN23C', ip: '192.168.43.234', os.name: 'Windows 10', os.arch: 'amd64', os.version: '10.0', java.version: '1.8.0_102'
Driver info: org.openqa.selenium.chrome.ChromeDriver
Capabilities [{mobileEmulationEnabled=false, timeouts={implicit=0, pageLoad=300000, script=30000}, hasTouchScreen=false, platform=XP, acceptSslCerts=false, goog:chromeOptions={debuggerAddress=localhost:64931}, acceptInsecureCerts=false, webStorageEnabled=true, browserName=chrome, takesScreenshot=true, javascriptEnabled=true, setWindowRect=true, unexpectedAlertBehaviour=ignore, applicationCacheEnabled=false, rotatable=false, networkConnectionEnabled=false, chrome={chromedriverVersion=80.0.3987.106 (f68069574609230cf9b635cd784cfb1bf81bb53a-refs/branch-heads/3987@{#882}), userDataDir=C:\Users\hp\AppData\Local\Temp\scoped_dir7336_1665025270}, takesHeapSnapshot=true, pageLoadStrategy=normal, strictFileInteractability=false, databaseEnabled=false, handlesAlerts=true, version=81.0.4044.113, browserConnectionEnabled=false, proxy={}, nativeEvents=true, locationContextEnabled=true, cssSelectorsEnabled=true}]
Session ID: 5a2659b4b0711b14a3d82cb61d292a5f
at sun.reflect.NativeConstructorAccessorImpl.newInstance0(Native Method)
at sun.reflect.NativeConstructorAccessorImpl.newInstance(Unknown Source)
at sun.reflect.DelegatingConstructorAccessorImpl.newInstance(Unknown Source)
at java.lang.reflect.Constructor.newInstance(Unknown Source)
at org.openqa.selenium.remote.ErrorHandler.createThrowable(ErrorHandler.java:206)
at org.openqa.selenium.remote.ErrorHandler.throwIfResponseFailed(ErrorHandler.java:158)
at org.openqa.selenium.remote.RemoteWebDriver.execute(RemoteWebDriver.java:678)
at org.openqa.selenium.remote.RemoteWebElement.execute(RemoteWebElement.java:327)
at org.openqa.selenium.remote.RemoteWebElement.click(RemoteWebElement.java:85)
at com.TestScripts.viewed_not_contact_actions.setUp(viewed_not_contact_actions.java:184)
at sun.reflect.NativeMethodAccessorImpl.invoke0(Native Method)
at sun.reflect.NativeMethodAccessorImpl.invoke(Unknown Source)
at sun.reflect.DelegatingMethodAccessorImpl.invoke(Unknown Source)
at java.lang.reflect.Method.invoke(Unknown Source)
at org.testng.internal.MethodInvocationHelper.invokeMethod(MethodInvocationHelper.java:124)
at org.testng.internal.Invoker.invokeMethod(Invoker.java:580)
at org.testng.internal.Invoker.invokeTestMethod(Invoker.java:716)
at org.testng.internal.Invoker.invokeTestMethods(Invoker.java:988)
at org.testng.internal.TestMethodWorker.invokeTestMethods(TestMethodWorker.java:125)
at org.testng.internal.TestMethodWorker.run(TestMethodWorker.java:109)
at org.testng.TestRunner.privateRun(TestRunner.java:648)
at org.testng.TestRunner.run(TestRunner.java:505)
at org.testng.SuiteRunner.runTest(SuiteRunner.java:455)
at org.testng.SuiteRunner.runSequentially(SuiteRunner.java:450)
at org.testng.SuiteRunner.privateRun(SuiteRunner.java:415)
at org.testng.SuiteRunner.run(SuiteRunner.java:364)
at org.testng.SuiteRunnerWorker.runSuite(SuiteRunnerWorker.java:52)
at org.testng.SuiteRunnerWorker.run(SuiteRunnerWorker.java:84)
at org.testng.TestNG.runSuitesSequentially(TestNG.java:1208)
at org.testng.TestNG.runSuitesLocally(TestNG.java:1137)
at org.testng.TestNG.runSuites(TestNG.java:1049)
at org.testng.TestNG.run(TestNG.java:1017)
at org.testng.remote.AbstractRemoteTestNG.run(AbstractRemoteTestNG.java:114)
at org.testng.remote.RemoteTestNG.initAndRun(RemoteTestNG.java:251)
at org.testng.remote.RemoteTestNG.main(RemoteTestNG.java:77)
]]>
    </error>
  </testcase> <!-- setUp -->
</testsuite> <!-- com.TestScripts.viewed_not_contact_actions -->
